mode: atomic
github.com/gcp-secret-manager/mock.go:23.108,25.2 1 0
github.com/gcp-secret-manager/mock.go:27.145,29.2 1 1
github.com/gcp-secret-manager/mock.go:31.133,33.2 1 1
github.com/gcp-secret-manager/mock.go:35.110,37.2 1 3
github.com/gcp-secret-manager/mock.go:39.125,41.2 1 2
github.com/gcp-secret-manager/mock.go:43.83,45.2 1 1
github.com/gcp-secret-manager/mock.go:47.105,49.2 1 0
github.com/gcp-secret-manager/mock.go:51.125,53.2 1 1
github.com/gcp-secret-manager/mock.go:55.133,57.2 1 1
github.com/gcp-secret-manager/mock.go:59.131,61.2 1 1
github.com/gcp-secret-manager/mock.go:63.36,64.23 1 0
github.com/gcp-secret-manager/mock.go:82.104,84.2 1 6
github.com/gcp-secret-manager/secret_api_wrapper.go:48.92,50.16 2 0
github.com/gcp-secret-manager/secret_api_wrapper.go:54.2,54.52 1 0
github.com/gcp-secret-manager/secret_api_wrapper.go:50.16,52.3 1 0
github.com/gcp-secret-manager/secret_api_wrapper.go:57.130,59.2 1 0
github.com/gcp-secret-manager/secret_api_wrapper.go:60.104,62.2 1 0
github.com/gcp-secret-manager/secret_api_wrapper.go:63.118,65.2 1 0
github.com/gcp-secret-manager/secret_api_wrapper.go:66.95,68.2 1 0
github.com/gcp-secret-manager/secret_api_wrapper.go:69.110,71.2 1 0
github.com/gcp-secret-manager/secret_api_wrapper.go:72.79,74.2 1 0
github.com/gcp-secret-manager/secret_api_wrapper.go:76.89,78.2 1 0
github.com/gcp-secret-manager/secret_api_wrapper.go:80.110,82.2 1 0
github.com/gcp-secret-manager/secret_api_wrapper.go:84.90,86.2 1 0
github.com/gcp-secret-manager/secret_api_wrapper.go:88.118,90.2 1 0
github.com/gcp-secret-manager/secret_api_wrapper.go:92.116,94.2 1 0
github.com/gcp-secret-manager/secret_api_wrapper.go:96.43,98.2 1 0
github.com/gcp-secret-manager/secrets.go:17.13,20.16 3 1
github.com/gcp-secret-manager/secrets.go:23.2,23.49 1 1
github.com/gcp-secret-manager/secrets.go:20.16,22.3 1 0
github.com/gcp-secret-manager/secrets.go:25.67,26.38 1 1
github.com/gcp-secret-manager/secrets.go:31.2,43.16 3 1
github.com/gcp-secret-manager/secrets.go:46.2,46.15 1 1
github.com/gcp-secret-manager/secrets.go:26.38,30.3 2 0
github.com/gcp-secret-manager/secrets.go:43.16,45.3 1 0
github.com/gcp-secret-manager/secrets.go:48.102,49.38 1 3
github.com/gcp-secret-manager/secrets.go:53.2,65.16 3 2
github.com/gcp-secret-manager/secrets.go:69.2,76.16 3 1
github.com/gcp-secret-manager/secrets.go:80.2,80.21 1 1
github.com/gcp-secret-manager/secrets.go:49.38,52.3 2 1
github.com/gcp-secret-manager/secrets.go:65.16,68.3 2 1
github.com/gcp-secret-manager/secrets.go:76.16,79.3 2 0
github.com/gcp-secret-manager/secrets.go:83.45,87.16 3 6
github.com/gcp-secret-manager/secrets.go:90.2,90.13 1 2
github.com/gcp-secret-manager/secrets.go:87.16,89.3 1 4
github.com/gcp-secret-manager/secrets.go:93.50,99.2 3 0
github.com/gcp-secret-manager/secrets.go:101.92,109.16 3 1
github.com/gcp-secret-manager/secrets.go:112.2,112.16 1 1
github.com/gcp-secret-manager/secrets.go:109.16,111.3 1 0
github.com/gcp-secret-manager/secrets.go:114.82,115.19 1 1
github.com/gcp-secret-manager/secrets.go:118.2,122.16 3 1
github.com/gcp-secret-manager/secrets.go:125.2,125.23 1 1
github.com/gcp-secret-manager/secrets.go:115.19,117.3 1 1
github.com/gcp-secret-manager/secrets.go:122.16,124.3 1 0
github.com/gcp-secret-manager/secrets.go:128.55,133.16 3 1
github.com/gcp-secret-manager/secrets.go:136.2,136.12 1 1
github.com/gcp-secret-manager/secrets.go:133.16,135.3 1 0
github.com/gcp-secret-manager/secrets.go:139.92,144.16 3 1
github.com/gcp-secret-manager/secrets.go:147.2,147.15 1 1
github.com/gcp-secret-manager/secrets.go:144.16,146.3 1 0
github.com/gcp-secret-manager/secrets.go:152.90,157.16 3 1
github.com/gcp-secret-manager/secrets.go:160.2,160.15 1 1
github.com/gcp-secret-manager/secrets.go:157.16,159.3 1 0
github.com/gcp-secret-manager/secrets.go:163.86,168.16 3 1
github.com/gcp-secret-manager/secrets.go:171.2,171.15 1 1
github.com/gcp-secret-manager/secrets.go:168.16,170.3 1 0
github.com/gcp-secret-manager/secrets.go:174.85,179.16 3 1
github.com/gcp-secret-manager/secrets.go:182.2,182.15 1 1
github.com/gcp-secret-manager/secrets.go:179.16,181.3 1 0
